<?xml version="1.0" encoding="UTF-8"?><testsuite name="nosetests" tests="20" errors="1" failures="0" skip="0"><testcase classname="tests.test_order_items.TestOrderItems" name="test_deserialize_an_order" time="0.006"></testcase><testcase classname="tests.test_order_items.TestOrderItems" name="test_deserialize_bad_data" time="0.001"></testcase><testcase classname="tests.test_order_items.TestOrderItems" name="test_deserialize_bad_data_with_keys_missing" time="0.000"></testcase><testcase classname="tests.test_order_items.TestOrderItems" name="test_init_order" time="0.000"></testcase><testcase classname="tests.test_order_items.TestOrderItems" name="test_repr" time="0.000"></testcase><testcase classname="tests.test_order_items.TestOrderItems" name="test_repr_with_no_item_id" time="0.001"></testcase><testcase classname="tests.test_order_items.TestOrderItems" name="test_serialize_an_order_item" time="0.000"></testcase><testcase classname="tests.test_orders.TestOrders" name="test_create_order" time="0.254"></testcase><testcase classname="tests.test_orders.TestOrders" name="test_create_order_with_multiple_items" time="0.188"></testcase><testcase classname="tests.test_orders.TestOrders" name="test_create_order_with_no_customer_id" time="0.161"></testcase><testcase classname="tests.test_orders.TestOrders" name="test_create_order_with_no_item" time="0.552"></testcase><testcase classname="tests.test_orders.TestOrders" name="test_deserialize_an_order" time="0.183"></testcase><testcase classname="tests.test_orders.TestOrders" name="test_deserialize_bad_data" time="0.190"><system-out><![CDATA[string indices must be integers
]]></system-out></testcase><testcase classname="tests.test_orders.TestOrders" name="test_deserialize_bad_data_with_keys_missing" time="0.199"></testcase><testcase classname="tests.test_orders.TestOrders" name="test_init_order" time="0.192"></testcase><testcase classname="tests.test_orders.TestOrders" name="test_repr" time="0.297"></testcase><testcase classname="tests.test_orders.TestOrders" name="test_repr_with_no_item_id" time="0.366"></testcase><testcase classname="tests.test_orders.TestOrders" name="test_serialize_an_order" time="0.229"></testcase><testcase classname="tests.test_service.TestOrderService" name="test_get_order_list" time="0.398"><error type="builtins.TypeError" message="Object of type 'builtin_function_or_method' is not JSON serializable"><![CDATA[Traceback (most recent call last):
  File "/usr/lib/python3.6/unittest/case.py", line 59, in testPartExecutor
    yield
  File "/usr/lib/python3.6/unittest/case.py", line 605, in run
    testMethod()
  File "/vagrant/tests/test_service.py", line 79, in test_get_order_list
    self._create_orders(5)
  File "/vagrant/tests/test_service.py", line 59, in _create_orders
    "/orders", json=test_order.serialize(), content_type="application/json"
  File "/home/vagrant/venv/lib/python3.6/site-packages/werkzeug/test.py", line 1016, in post
    return self.open(*args, **kw)
  File "/home/vagrant/venv/lib/python3.6/site-packages/flask/testing.py", line 215, in open
    builder = EnvironBuilder(self.application, *args, **kwargs)
  File "/home/vagrant/venv/lib/python3.6/site-packages/flask/testing.py", line 86, in __init__
    super(EnvironBuilder, self).__init__(path, base_url, *args, **kwargs)
  File "/home/vagrant/venv/lib/python3.6/site-packages/werkzeug/test.py", line 385, in __init__
    data = self.json_dumps(json)
  File "/home/vagrant/venv/lib/python3.6/site-packages/flask/testing.py", line 95, in json_dumps
    return json_dumps(obj, **kwargs)
  File "/home/vagrant/venv/lib/python3.6/site-packages/flask/json/__init__.py", line 211, in dumps
    rv = _json.dumps(obj, **kwargs)
  File "/usr/lib/python3.6/json/__init__.py", line 238, in dumps
    **kw).encode(obj)
  File "/usr/lib/python3.6/json/encoder.py", line 199, in encode
    chunks = self.iterencode(o, _one_shot=True)
  File "/usr/lib/python3.6/json/encoder.py", line 257, in iterencode
    return _iterencode(o, 0)
  File "/home/vagrant/venv/lib/python3.6/site-packages/flask/json/__init__.py", line 100, in default
    return _json.JSONEncoder.default(self, o)
  File "/usr/lib/python3.6/json/encoder.py", line 180, in default
    o.__class__.__name__)
TypeError: Object of type 'builtin_function_or_method' is not JSON serializable
]]></error></testcase><testcase classname="tests.test_service.TestOrderService" name="test_index" time="0.285"></testcase></testsuite>